app/build/outputs/mapping/release/seeds.txt
com.citymemory.domain.model.ShapeKind
com.citymemory.data.local.database.CityMemoryDatabase_Impl
com.citymemory.MainActivity
com.citymemory.data.local.database.CityMemoryDatabase
com.citymemory.data.local.dao.PlaceDao_Impl
com.citymemory.data.local.dao.CityDao_Impl
com.citymemory.data.local.dao.UserPlaceStateDao_Impl
com.citymemory.CityMemoryApplication
com.citymemory.domain.model.ShapeKind: com.citymemory.domain.model.ShapeKind LAND
com.citymemory.domain.model.ShapeKind: com.citymemory.domain.model.ShapeKind GREEN
com.citymemory.domain.model.ShapeKind: com.citymemory.domain.model.ShapeKind WATER
com.citymemory.domain.model.ShapeKind: com.citymemory.domain.model.ShapeKind RAIL
com.citymemory.domain.model.ShapeKind: com.citymemory.domain.model.ShapeKind PRIMARY
com.citymemory.domain.model.ShapeKind: java.util.Map byId
com.citymemory.domain.model.ShapeKind: com.citymemory.domain.model.ShapeKind$Companion Companion
com.citymemory.domain.model.ShapeKind: kotlin.enums.EnumEntries $ENTRIES
com.citymemory.domain.model.ShapeKind: com.citymemory.domain.model.ShapeKind SECONDARY
com.citymemory.domain.model.ShapeKind: com.citymemory.domain.model.ShapeKind TERTIARY
com.citymemory.domain.model.ShapeKind: com.citymemory.domain.model.ShapeKind COASTLINE
com.citymemory.domain.model.ShapeKind: com.citymemory.domain.model.ShapeKind BUILDING
com.citymemory.domain.model.ShapeKind: com.citymemory.domain.model.ShapeKind[] $VALUES
com.citymemory.domain.model.ShapeKind: int id
com.citymemory.domain.model.ShapeKind: com.citymemory.domain.model.ShapeKind RESIDENTIAL
com.citymemory.domain.model.ShapeKind: com.citymemory.domain.model.ShapeKind MOTORWAY
com.citymemory.domain.model.ShapeKind: com.citymemory.domain.model.ShapeKind SERVICE
com.citymemory.util.NavigationResult$Target: com.citymemory.util.NavigationResult$Target[] values()
com.citymemory.domain.model.ExplorerLevel: com.citymemory.domain.model.ExplorerLevel[] values()
com.citymemory.domain.model.ShapeKind: com.citymemory.domain.model.ShapeKind[] values()
com.citymemory.domain.model.ShapeKind: boolean isArea()
com.citymemory.ui.screens.discover.DiscoverFilter: com.citymemory.ui.screens.discover.DiscoverFilter[] values()
com.citymemory.domain.model.ShapeKind: int getId()
com.citymemory.ui.screens.discover.DiscoverFilter: com.citymemory.ui.screens.discover.DiscoverFilter valueOf(java.lang.String)
com.citymemory.CityMemoryApplication: CityMemoryApplication()
com.citymemory.domain.model.PlaceCategory: com.citymemory.domain.model.PlaceCategory[] values()
com.citymemory.domain.model.ShapeKind: com.citymemory.domain.model.ShapeKind valueOf(java.lang.String)
com.citymemory.MainActivity: MainActivity()
com.citymemory.domain.model.ExplorerLevel: com.citymemory.domain.model.ExplorerLevel valueOf(java.lang.String)
com.citymemory.ui.navigation.BottomDestination: com.citymemory.ui.navigation.BottomDestination[] values()
com.citymemory.domain.model.ShapeKind: kotlin.enums.EnumEntries getEntries()
com.citymemory.domain.model.ShapeKind: java.util.Map access$getById$cp()
com.citymemory.domain.model.ShapeKind: boolean isDetail()
com.citymemory.domain.model.ShapeKind: ShapeKind(java.lang.String,int,int)
com.citymemory.domain.model.PlaceCategory: com.citymemory.domain.model.PlaceCategory valueOf(java.lang.String)
com.citymemory.data.local.dao.PlaceDao_Impl: PlaceDao_Impl(androidx.room.RoomDatabase)
com.citymemory.domain.model.AchievementId: com.citymemory.domain.model.AchievementId[] values()
com.citymemory.data.local.dao.CityDao_Impl: CityDao_Impl(androidx.room.RoomDatabase)
com.citymemory.ui.navigation.BottomDestination: com.citymemory.ui.navigation.BottomDestination valueOf(java.lang.String)
com.citymemory.util.NavigationResult$Target: com.citymemory.util.NavigationResult$Target valueOf(java.lang.String)
com.citymemory.domain.model.ShapeKind: com.citymemory.domain.model.ShapeKind[] $values()
com.citymemory.domain.model.AchievementId: com.citymemory.domain.model.AchievementId valueOf(java.lang.String)
...
androidx.compose.ui.input.pointer.util.VelocityTracker1D$Strategy: androidx.compose.ui.input.pointer.util.VelocityTracker1D$Strategy[] values()
androidx.compose.ui.node.NodeMeasuringIntrinsics$IntrinsicWidthHeight: androidx.compose.ui.node.NodeMeasuringIntrinsics$IntrinsicWidthHeight valueOf(java.lang.String)
androidx.room.RoomDatabase: androidx.room.RoomOpenDelegateMarker createOpenDelegate()
androidx.lifecycle.LifecycleDispatcher$DispatcherActivityCallback: LifecycleDispatcher$DispatcherActivityCallback()
androidx.core.view.ViewCompat$Api28Impl: java.lang.CharSequence getAccessibilityPaneTitle(android.view.View)
androidx.compose.ui.platform.AndroidComposeView: androidx.compose.ui.platform.AndroidViewsHandler getAndroidViewsHandler$ui_release()
androidx.compose.ui.platform.AndroidComposeView: androidx.compose.ui.draganddrop.AndroidDragAndDropManager getDragAndDropManager()
androidx.compose.ui.graphics.Path$Direction: androidx.compose.ui.graphics.Path$Direction valueOf(java.lang.String)
androidx.compose.ui.platform.ViewLayer: void setInvalidated(boolean)
androidx.compose.ui.graphics.layer.ViewLayer: android.view.View getOwnerView()
kotlinx.coroutines.android.AndroidDispatcherFactory: AndroidDispatcherFactory()
androidx.compose.ui.platform.AndroidComposeView: androidx.compose.ui.text.font.FontFamily$Resolver getFontFamilyResolver()
androidx.lifecycle.ReportFragment$LifecycleCallbacks: void onActivityResumed(android.app.Activity)
androidx.room.RoomDatabase: java.util.Map getRequiredTypeConverters()
androidx.lifecycle.ReportFragment$LifecycleCallbacks: ReportFragment$LifecycleCallbacks()
androidx.graphics.path.PathIteratorPreApi34Impl: long createInternalPathIterator(android.graphics.Path,int,float)
androidx.compose.ui.graphics.layer.ViewLayer: androidx.compose.ui.graphics.CanvasHolder getCanvasHolder()
androidx.core.view.ViewCompat$Api28Impl: boolean isScreenReaderFocusable(android.view.View)
androidx.core.graphics.drawable.IconCompatParcelizer: androidx.core.graphics.drawable.IconCompat read(androidx.versionedparcelable.VersionedParcel)
androidx.room.RoomDatabase: java.util.concurrent.Executor getQueryExecutor()
androidx.core.view.WindowInsetsCompat$Impl30: void copyRootViewBounds(android.view.View)
androidx.compose.ui.window.PopupLayout: boolean getCanCalculatePosition()
androidx.core.view.WindowInsetsCompat$Impl20: androidx.core.graphics.Insets getInsetsIgnoringVisibility(int)
androidx.room.RoomDatabase: java.lang.ThreadLocal getSuspendingTransactionId()
androidx.core.app.CoreComponentFactory: CoreComponentFactory()
androidx.core.view.WindowInsetsCompat$BuilderImpl29: void setMandatorySystemGestureInsets(androidx.core.graphics.Insets)
androidx.compose.ui.window.PopupLayout: void getParams$ui_release$annotations()
android.support.v4.app.RemoteActionCompatParcelizer: androidx.core.app.RemoteActionCompat read(androidx.versionedparcelable.VersionedParcel)
androidx.core.view.WindowInsetsCompat$Impl: androidx.core.graphics.Insets getSystemGestureInsets()
androidx.compose.material3.SnackbarResult: androidx.compose.material3.SnackbarResult valueOf(java.lang.String)
androidx.core.view.ViewCompat$Api29Impl: android.view.View$AccessibilityDelegate getAccessibilityDelegate(android.view.View)
androidx.core.view.WindowInsetsCompat$BuilderImpl29: WindowInsetsCompat$BuilderImpl29(androidx.core.view.WindowInsetsCompat)
androidx.compose.ui.window.SecureFlagPolicy: androidx.compose.ui.window.SecureFlagPolicy valueOf(java.lang.String)
androidx.lifecycle.Lifecycle$State: androidx.lifecycle.Lifecycle$State valueOf(java.lang.String)
androidx.activity.EdgeToEdgeApi23: void setUp(androidx.activity.SystemBarStyle,androidx.activity.SystemBarStyle,android.view.Window,android.view.View,boolean,boolean)
androidx.room.Transactor$SQLiteTransactionType: androidx.room.Transactor$SQLiteTransactionType[] values()
androidx.compose.ui.window.PopupLayout: androidx.compose.ui.unit.IntSize getPopupContentSize-bOM6tXw()