app/build/outputs/mapping/release/usage.txt
com.citymemory.R$color
com.citymemory.R$drawable
com.citymemory.R$mipmap
com.citymemory.R$string
com.citymemory.R$style
com.citymemory.R$xml
com.citymemory.R
com.citymemory.data.local.database.CityMemoryDatabase:
    public static final java.lang.String DATABASE_NAME
com.citymemory.data.local.entities.CityEntity:
    public static final int $stable
    public final java.lang.String component1()
    public final java.lang.String component2()
    public final java.lang.String component3()
    public final com.citymemory.data.local.entities.CityEntity copy(java.lang.String,java.lang.String,java.lang.String)
    public static synthetic com.citymemory.data.local.entities.CityEntity copy$default(com.citymemory.data.local.entities.CityEntity,java.lang.String,java.lang.String,java.lang.String,int,java.lang.Object)
com.citymemory.data.local.entities.PlaceEntity:
    public static final int $stable
    public final java.lang.String component1()
    public final java.lang.String component2()
    public final java.lang.String component3()
    public final java.lang.String component4()
    public final java.lang.String component5()
    public final double component6()
    public final double component7()
    public final java.lang.String component8()
    public final int component9()
com.citymemory.data.local.entities.PlaceWithState:
    public static final int $stable
    public final com.citymemory.data.local.entities.PlaceEntity component1()
    public final com.citymemory.data.local.entities.UserPlaceStateEntity component2()
    public final com.citymemory.data.local.entities.PlaceWithState copy(com.citymemory.data.local.entities.PlaceEntity,com.citymemory.data.local.entities.UserPlaceStateEntity)
    public static synthetic com.citymemory.data.local.entities.PlaceWithState copy$default(com.citymemory.data.local.entities.PlaceWithState,com.citymemory.data.local.entities.PlaceEntity,com.citymemory.data.local.entities.UserPlaceStateEntity,int,java.lang.Object)
com.citymemory.data.local.entities.UserPlaceStateEntity:
    public static final int $stable
    public final java.lang.String component1()
    public final boolean component2()
    public final boolean component3()
    public final java.lang.Long component4()
    public final java.lang.Long component5()
com.citymemory.data.local.seed.MumbaiSeed:
    public static final java.lang.String CITY_ID
com.citymemory.data.map.CityMapCodec$Reader:
    public final int getPos()
com.citymemory.data.map.CityMapCodec:
    public static final int $stable
    private static final java.lang.String MAGIC
    private static final double PRECISION
    private static final int VERSION
com.citymemory.data.map.MockMumbaiGeometryProvider$Companion:
    public final com.citymemory.domain.model.CityGeometry getMumbai()
com.citymemory.data.map.MockMumbaiGeometryProvider:
    public static final int $stable
    public static final synthetic com.citymemory.domain.model.CityGeometry access$getMumbai$cp()
com.citymemory.data.map.OsmCityGeometryProvider:
    public static final java.lang.String ASSET_NAME
    public static final java.lang.String TAG
com.citymemory.data.mapper.PlaceMappersKt:
    public static final com.citymemory.data.local.entities.PlaceEntity toEntity(com.citymemory.domain.model.Place)
com.citymemory.data.repository.PlaceRepositoryImpl$observeCity$1$invokeSuspend$$inlined$map$1$2$1:
    java.lang.Object L$0
com.citymemory.data.repository.PlaceRepositoryImpl$observePlace$1$invokeSuspend$$inlined$map$1$2$1:
    java.lang.Object L$0
com.citymemory.data.repository.PlaceRepositoryImpl$observePlaces$1$invokeSuspend$$inlined$map$1$2$1:
    java.lang.Object L$0
com.citymemory.domain.ExplorationSummarizer:
    public static final int $stable
...
androidx.compose.foundation.gestures.BringIntoViewSpec:
    public androidx.compose.animation.core.AnimationSpec getScrollAnimationSpec()
    public static synthetic void getScrollAnimationSpec$annotations()
androidx.compose.foundation.gestures.BringIntoViewSpec_androidKt$PivotBringIntoViewSpec$1:
    public final float getChildFraction()
    public final float getParentFraction()
androidx.compose.foundation.gestures.BringIntoViewSpec_androidKt:
    public static synthetic void getLocalBringIntoViewSpec$annotations()
    public static synthetic void getPivotBringIntoViewSpec$annotations()
androidx.compose.foundation.gestures.ContentInViewNodeKt
androidx.compose.foundation.gestures.DefaultDraggable2DState$drag$2
androidx.compose.foundation.gestures.DefaultDraggable2DState$drag2DScope$1
androidx.compose.foundation.gestures.DefaultDraggable2DState
androidx.compose.foundation.gestures.DefaultDraggableAnchors
androidx.compose.foundation.gestures.DefaultDraggableState$drag$2
androidx.compose.foundation.gestures.DefaultDraggableState$dragScope$1
androidx.compose.foundation.gestures.DefaultDraggableState
androidx.compose.foundation.gestures.DefaultFlingBehavior:
    public static final int $stable
androidx.compose.foundation.gestures.DefaultScrollableState:
    public boolean getLastScrolledBackward()
    public boolean getLastScrolledForward()
androidx.compose.foundation.gestures.DefaultTransformableState$transform$2$1
androidx.compose.foundation.gestures.DefaultTransformableState$transform$2
androidx.compose.foundation.gestures.DefaultTransformableState$transformScope$1
androidx.compose.foundation.gestures.DefaultTransformableState
androidx.compose.foundation.gestures.DelegatingAnimationSpec$vectorize$1
androidx.compose.foundation.gestures.DelegatingAnimationSpec
androidx.compose.foundation.gestures.Drag2DScope
androidx.compose.foundation.gestures.DragEvent$DragCancelled:
    public static final int $stable
androidx.compose.foundation.gestures.DragEvent$DragDelta:
    public static final int $stable
androidx.compose.foundation.gestures.DragEvent$DragStarted:
    public static final int $stable
androidx.compose.foundation.gestures.DragEvent$DragStopped:
    public static final int $stable
androidx.compose.foundation.gestures.DragEvent:
    public static final int $stable
androidx.compose.foundation.gestures.DragGestureDetectorKt$awaitAllPointersUpWithSlopDetection$1
androidx.compose.foundation.gestures.DragGestureDetectorKt$awaitHorizontalDragOrCancellation$1
androidx.compose.foundation.gestures.DragGestureDetectorKt$awaitHorizontalPointerSlopOrCancellation$1
androidx.compose.foundation.gestures.DragGestureDetectorKt$awaitHorizontalTouchSlopOrCancellation$1
androidx.compose.foundation.gestures.DragGestureDetectorKt$awaitPointerSlopOrCancellation$1
androidx.compose.foundation.gestures.DragGestureDetectorKt$awaitTouchSlopOrCancellation$1
androidx.compose.foundation.gestures.DragGestureDetectorKt$awaitVerticalDragOrCancellation$1
androidx.compose.foundation.gestures.DragGestureDetectorKt$awaitVerticalPointerSlopOrCancellation$1
androidx.compose.foundation.gestures.DragGestureDetectorKt$awaitVerticalTouchSlopOrCancellation$1
androidx.compose.foundation.gestures.DragGestureDetectorKt$detectDragGestures$2
androidx.compose.foundation.gestures.DragGestureDetectorKt$detectDragGestures$3
androidx.compose.foundation.gestures.DragGestureDetectorKt$detectDragGestures$4
androidx.compose.foundation.gestures.DragGestureDetectorKt$detectDragGesturesAfterLongPress$2
androidx.compose.foundation.gestures.DragGestureDetectorKt$detectDragGesturesAfterLongPress$3
androidx.compose.foundation.gestures.DragGestureDetectorKt$detectDragGesturesAfterLongPress$4
androidx.compose.foundation.gestures.DragGestureDetectorKt$detectDragGesturesAfterLongPress$5$1
androidx.compose.foundation.gestures.DragGestureDetectorKt$detectDragGesturesAfterLongPress$5
androidx.compose.foundation.gestures.DragGestureDetectorKt$detectHorizontalDragGestures$2